<?xml version="1.0" encoding="UTF-8"?><testsuite errors="0" failures="1" name="Automation tests of Utest.com." skipped="0" tests="1" time="14.57" timestamp="2022-06-18 11:06:25"><testcase name="Login in the website."><failure message="The username or password invalid. - &#10;Expected: &quot;Invalid username or password&quot;&#10;     but: was &quot;Invalid username or password.&quot;" type="com.utest.automation.exceptions.MessageNotMatchException">The username or password invalid. - 
Expected: "Invalid username or password"
     but: was "Invalid username or password."</failure><system-err>The username or password invalid. - 
Expected: "Invalid username or password"
     but: was "Invalid username or password."&#13;
com.utest.automation.stepdefinitions.UtestStepDefinitions.theUserWillSee(UtestStepDefinitions.java:47)&#13;
io.cucumber.java.Invoker.doInvoke(Invoker.java:66)&#13;
io.cucumber.java.Invoker.invoke(Invoker.java:24)&#13;
io.cucumber.java.AbstractGlueDefinition.invokeMethod(AbstractGlueDefinition.java:47)&#13;
io.cucumber.java.JavaStepDefinition.execute(JavaStepDefinition.java:29)&#13;
io.cucumber.core.runner.CoreStepDefinition.execute(CoreStepDefinition.java:66)&#13;
io.cucumber.core.runner.PickleStepDefinitionMatch.runStep(PickleStepDefinitionMatch.java:63)&#13;
io.cucumber.core.runner.TestStep.executeStep(TestStep.java:92)&#13;
io.cucumber.core.runner.TestStep.run(TestStep.java:64)&#13;
io.cucumber.core.runner.PickleStepTestStep.run(PickleStepTestStep.java:51)&#13;
io.cucumber.core.runner.TestCase.run(TestCase.java:104)&#13;
io.cucumber.core.runner.Runner.runPickle(Runner.java:73)&#13;
io.cucumber.junit.FeatureRunner.runChild(FeatureRunner.java:135)&#13;
io.cucumber.junit.FeatureRunner.runChild(FeatureRunner.java:27)&#13;
io.cucumber.junit.CucumberSerenityRunner.runChild(CucumberSerenityRunner.java:259)&#13;
io.cucumber.junit.CucumberSerenityRunner.runChild(CucumberSerenityRunner.java:58)&#13;
worker.org.gradle.process.internal.worker.GradleWorkerMain.run(GradleWorkerMain.java:69)&#13;
worker.org.gradle.process.internal.worker.GradleWorkerMain.main(GradleWorkerMain.java:74)&#13;
</system-err></testcase></testsuite>